2023-09-25 13:42:50,283 [Worker-0: Loading available Gradle versions] INFO  o.e.b.c.i.u.g.PublishedGradleVersions - Gradle version information cache is up-to-date. Trying to read.
2023-09-25 13:45:00,767 [main] INFO  o.e.m.c.i.p.ProjectConfigurationManager - Update started
2023-09-25 13:45:02,848 [main] INFO  o.e.m.c.i.l.LifecycleMappingFactory - Using org.maven.ide.eclipse.wtp.WarLifecycleMapping lifecycle mapping for MavenProject: myPrj:myPrj:1.0.0 @ C:\workspace\myPrj\pom.xml.
2023-09-25 13:45:06,908 [main] INFO  o.e.m.j.i.AbstractJavaProjectConfigurator - Adding source folder /myPrj/src/main/java
2023-09-25 13:45:06,908 [main] INFO  o.e.m.j.i.AbstractJavaProjectConfigurator - Adding resource folder /myPrj/src/main/resources
2023-09-25 13:45:06,939 [main] INFO  o.e.m.j.i.AbstractJavaProjectConfigurator - Adding source folder /myPrj/src/test/java
2023-09-25 13:45:06,939 [main] INFO  o.e.m.j.i.AbstractJavaProjectConfigurator - Adding resource folder /myPrj/src/test/resources
2023-09-25 13:45:11,417 [main] INFO  o.e.m.w.i.f.ResourceFilteringBuildParticipant - Cleaning filtered folder for myPrj
2023-09-25 13:45:11,433 [main] INFO  o.e.m.c.i.p.ProjectConfigurationManager - Update completed: 10 sec
2023-09-25 13:45:13,597 [Worker-39: Updating Maven Dependencies] INFO  o.e.m.c.i.l.LifecycleMappingFactory - Using org.maven.ide.eclipse.wtp.WarLifecycleMapping lifecycle mapping for MavenProject: myPrj:myPrj:1.0.0 @ C:\workspace\myPrj\pom.xml.
2023-09-25 13:45:16,756 [Worker-39: Building] WARN  o.e.m.c.i.embedder.EclipseLogger - Using platform encoding (UTF-8 actually) to copy filtered resources, i.e. build is platform dependent!
2023-09-25 13:45:16,787 [Worker-39: Building] INFO  o.e.m.c.i.embedder.EclipseLogger - Copying 18 resources
2023-09-25 13:45:16,882 [Worker-39: Building] WARN  o.e.m.c.i.embedder.EclipseLogger - Using platform encoding (UTF-8 actually) to copy filtered resources, i.e. build is platform dependent!
2023-09-25 13:45:16,898 [Worker-39: Building] INFO  o.e.m.c.i.embedder.EclipseLogger - Copying 0 resource
2023-09-25 13:48:13,331 [Worker-44: Building] WARN  o.e.m.c.i.embedder.EclipseLogger - Using platform encoding (UTF-8 actually) to copy filtered resources, i.e. build is platform dependent!
2023-09-25 13:48:13,346 [Worker-44: Building] INFO  o.e.m.c.i.embedder.EclipseLogger - Copying 0 resource
2023-09-25 13:48:13,346 [Worker-44: Building] WARN  o.e.m.c.i.embedder.EclipseLogger - Using platform encoding (UTF-8 actually) to copy filtered resources, i.e. build is platform dependent!
2023-09-25 13:48:13,362 [Worker-44: Building] INFO  o.e.m.c.i.embedder.EclipseLogger - Copying 0 resource
2023-09-25 13:49:22,644 [Worker-39: Building] WARN  o.e.m.c.i.embedder.EclipseLogger - Using platform encoding (UTF-8 actually) to copy filtered resources, i.e. build is platform dependent!
2023-09-25 13:49:22,657 [Worker-39: Building] INFO  o.e.m.c.i.embedder.EclipseLogger - Copying 18 resources
2023-09-25 13:49:22,666 [Worker-39: Building] WARN  o.e.m.c.i.embedder.EclipseLogger - Using platform encoding (UTF-8 actually) to copy filtered resources, i.e. build is platform dependent!
2023-09-25 13:49:22,666 [Worker-39: Building] INFO  o.e.m.c.i.embedder.EclipseLogger - Copying 0 resource
2023-09-25 13:49:49,404 [Worker-46: Building] WARN  o.e.m.c.i.embedder.EclipseLogger - Using platform encoding (UTF-8 actually) to copy filtered resources, i.e. build is platform dependent!
2023-09-25 13:49:49,410 [Worker-46: Building] INFO  o.e.m.c.i.embedder.EclipseLogger - Copying 0 resource
2023-09-25 13:49:49,410 [Worker-46: Building] WARN  o.e.m.c.i.embedder.EclipseLogger - Using platform encoding (UTF-8 actually) to copy filtered resources, i.e. build is platform dependent!
2023-09-25 13:49:49,410 [Worker-46: Building] INFO  o.e.m.c.i.embedder.EclipseLogger - Copying 0 resource
2023-09-25 13:50:05,279 [Worker-46: Building] WARN  o.e.m.c.i.embedder.EclipseLogger - Using platform encoding (UTF-8 actually) to copy filtered resources, i.e. build is platform dependent!
2023-09-25 13:50:05,279 [Worker-46: Building] INFO  o.e.m.c.i.embedder.EclipseLogger - Copying 0 resource
2023-09-25 13:50:05,292 [Worker-46: Building] WARN  o.e.m.c.i.embedder.EclipseLogger - Using platform encoding (UTF-8 actually) to copy filtered resources, i.e. build is platform dependent!
2023-09-25 13:50:05,296 [Worker-46: Building] INFO  o.e.m.c.i.embedder.EclipseLogger - Copying 0 resource
2023-09-25 13:50:34,909 [Worker-38: Building] WARN  o.e.m.c.i.embedder.EclipseLogger - Using platform encoding (UTF-8 actually) to copy filtered resources, i.e. build is platform dependent!
2023-09-25 13:50:34,912 [Worker-38: Building] INFO  o.e.m.c.i.embedder.EclipseLogger - Copying 0 resource
2023-09-25 13:50:34,915 [Worker-38: Building] WARN  o.e.m.c.i.embedder.EclipseLogger - Using platform encoding (UTF-8 actually) to copy filtered resources, i.e. build is platform dependent!
2023-09-25 13:50:34,917 [Worker-38: Building] INFO  o.e.m.c.i.embedder.EclipseLogger - Copying 0 resource
